═══════════════════════════════════════════════════════════════
              TASK RECONCILIATION REPORT                       
═══════════════════════════════════════════════════════════════

Total Closed Tasks Checked: 0
Verified on main:    0
Reopened:                  0
Skipped:                   0
Errors:                    0

═══════════════════════════════════════════════════════════════
═══════════════════════════════════════════════════════════════
              TASK RECONCILIATION REPORT                       
═══════════════════════════════════════════════════════════════

Total Closed Tasks Checked: 0
Verified on main:    0
Reopened:                  0
Skipped:                   0
Errors:                    0

───────────────────────────────────────────────────────────────
                         DETAILS                              
───────────────────────────────────────────────────────────────


═══════════════════════════════════════════════════════════════
═══════════════════════════════════════════════════════════════
              TASK RECONCILIATION REPORT                       
═══════════════════════════════════════════════════════════════

Total Closed Tasks Checked: 0
Verified on main:    0
Reopened:                  0
Skipped:                   0
Errors:                    0

───────────────────────────────────────────────────────────────
                         DETAILS                              
───────────────────────────────────────────────────────────────


═══════════════════════════════════════════════════════════════
═══════════════════════════════════════════════════════════════
              TASK RECONCILIATION REPORT                       
═══════════════════════════════════════════════════════════════

Total Closed Tasks Checked: 0
Verified on main:    0
Reopened:                  0
Skipped:                   0
Errors:                    0

───────────────────────────────────────────────────────────────
                         DETAILS                              
───────────────────────────────────────────────────────────────


═══════════════════════════════════════════════════════════════
═══════════════════════════════════════════════════════════════
              TASK RECONCILIATION REPORT                       
═══════════════════════════════════════════════════════════════

Total Closed Tasks Checked: 0
Verified on main:    0
Reopened:                  0
Skipped:                   0
Errors:                    0

───────────────────────────────────────────────────────────────
                         DETAILS                              
───────────────────────────────────────────────────────────────


═══════════════════════════════════════════════════════════════
═══════════════════════════════════════════════════════════════
              TASK RECONCILIATION REPORT                       
═══════════════════════════════════════════════════════════════

Total Closed Tasks Checked: 0
Verified on main:    0
Reopened:                  0
Skipped:                   0
Errors:                    0

═══════════════════════════════════════════════════════════════
