[2026-01-25T20:04:58.328Z] Run completed: 0/4 tasks, 1 failures, 0 pending-main
═══════════════════════════════════════════════════════════════
                        RUN SUMMARY                             
═══════════════════════════════════════════════════════════════

Started:  2026-01-25T20:04:35.232Z
Duration: 23s
Stopped:  completed

─────────────────────────────────────────────────────────────────
                         TASK SUMMARY                            
─────────────────────────────────────────────────────────────────

Total Tasks:      4
Completed:        0
Failed:           1
Skipped:          0
Pending-Main:     0
Total Iterations: 1

─────────────────────────────────────────────────────────────────
                          FAILURES                              
─────────────────────────────────────────────────────────────────

• LinGet-0tb.1: US-001: Introduce a cohesive visual theme and layout rhythm

═══════════════════════════════════════════════════════════════
[2026-01-25T20:09:54.597Z] Run completed: 0/4 tasks, 1 failures, 0 pending-main
═══════════════════════════════════════════════════════════════
                        RUN SUMMARY                             
═══════════════════════════════════════════════════════════════

Started:  2026-01-25T20:08:56.972Z
Duration: 57s
Stopped:  completed

─────────────────────────────────────────────────────────────────
                         TASK SUMMARY                            
─────────────────────────────────────────────────────────────────

Total Tasks:      4
Completed:        0
Failed:           1
Skipped:          0
Pending-Main:     0
Total Iterations: 1

─────────────────────────────────────────────────────────────────
                          FAILURES                              
─────────────────────────────────────────────────────────────────

• LinGet-0tb.1: US-001: Introduce a cohesive visual theme and layout rhythm

═══════════════════════════════════════════════════════════════
[2026-01-25T20:12:05.637Z] Run completed: 0/4 tasks, 0 failures, 0 pending-main
═══════════════════════════════════════════════════════════════
                        RUN SUMMARY                             
═══════════════════════════════════════════════════════════════

Started:  2026-01-25T20:11:44.960Z
Duration: 20s
Stopped:  completed

─────────────────────────────────────────────────────────────────
                         TASK SUMMARY                            
─────────────────────────────────────────────────────────────────

Total Tasks:      4
Completed:        0
Failed:           0
Skipped:          0
Pending-Main:     0
Total Iterations: 3

═══════════════════════════════════════════════════════════════
[2026-01-25T20:21:14.613Z] Run completed: 0/4 tasks, 1 failures, 0 pending-main
═══════════════════════════════════════════════════════════════
                        RUN SUMMARY                             
═══════════════════════════════════════════════════════════════

Started:  2026-01-25T20:12:38.162Z
Duration: 8m 36s
Stopped:  completed

─────────────────────────────────────────────────────────────────
                         TASK SUMMARY                            
─────────────────────────────────────────────────────────────────

Total Tasks:      4
Completed:        0
Failed:           1
Skipped:          0
Pending-Main:     0
Total Iterations: 1

─────────────────────────────────────────────────────────────────
                          FAILURES                              
─────────────────────────────────────────────────────────────────

• LinGet-0tb.1: US-001: Introduce a cohesive visual theme and layout rhythm

═══════════════════════════════════════════════════════════════
